Cloning the remote Git repository
Cloning repository https://github.com/asia21991/hello-world-printer-app.git
 > git init /var/jenkins_home/workspace/lo-world-printer-app_master-WJOWMIIDABK3I7J46FL5UEDB4TQSM2RXDDXTLWOFIFBZ46PDJYNQ # timeout=10
Fetching upstream changes from https://github.com/asia21991/hello-world-printer-app.git
 > git --version # timeout=10
using GIT_ASKPASS to set credentials 
 > git fetch --tags --progress https://github.com/asia21991/hello-world-printer-app.git +refs/heads/*:refs/remotes/origin/*
 > git config remote.origin.url https://github.com/asia21991/hello-world-printer-app.git # timeout=10
 > git config --add remote.origin.fetch +refs/heads/*:refs/remotes/origin/* # timeout=10
 > git config remote.origin.url https://github.com/asia21991/hello-world-printer-app.git # timeout=10
Fetching upstream changes from https://github.com/asia21991/hello-world-printer-app.git
using GIT_ASKPASS to set credentials 
 > git fetch --tags --progress https://github.com/asia21991/hello-world-printer-app.git +refs/heads/*:refs/remotes/origin/*
 > git config remote.origin1.url https://github.com/asia21991/hello-world-printer-app.git # timeout=10
Fetching upstream changes from https://github.com/asia21991/hello-world-printer-app.git
using GIT_ASKPASS to set credentials 
 > git fetch --tags --progress https://github.com/asia21991/hello-world-printer-app.git +refs/pull/*/head:refs/remotes/origin/pr/*
Checking out Revision 3dba1100c63b55a9eebde698debc92243048d7e3 (master)
 > git config core.sparsecheckout # timeout=10
 > git checkout -f 3dba1100c63b55a9eebde698debc92243048d7e3
First time build. Skipping changelog.
